[0509/232214.695:INFO:CONSOLE(99)] "You must enable Billing on the Google Cloud Project at https://console.cloud.google.com/project/_/billing/enable Learn more at https://developers.google.com/maps/gmp-get-started", source: https://maps.googleapis.com/maps/api/js?key=AIzaSyCy-fMWerzvXcPCV0FDI07hW2DAzs_mnpY&callback=initMap (99)
[0509/232222.129:INFO:CONSOLE(22)] "Here I am !!!", source: https://cn1app/streams/1 (22)
[0509/235306.082:INFO:CONSOLE(99)] "You must enable Billing on the Google Cloud Project at https://console.cloud.google.com/project/_/billing/enable Learn more at https://developers.google.com/maps/gmp-get-started", source: https://maps.googleapis.com/maps/api/js?key=AIzaSyCy-fMWerzvXcPCV0FDI07hW2DAzs_mnpY&callback=initMap (99)
[0509/235306.879:WARNING:spdy_session.cc(3365)] Received HEADERS for invalid stream 5
[0509/235314.572:INFO:CONSOLE(22)] "Here I am !!!", source: https://cn1app/streams/1 (22)
[0510/021529.474:INFO:CONSOLE(99)] "You must enable Billing on the Google Cloud Project at https://console.cloud.google.com/project/_/billing/enable Learn more at https://developers.google.com/maps/gmp-get-started", source: https://maps.googleapis.com/maps/api/js?key=AIzaSyCy-fMWerzvXcPCV0FDI07hW2DAzs_mnpY&callback=initMap (99)
[0510/021530.004:WARNING:spdy_session.cc(3365)] Received HEADERS for invalid stream 5
[0510/021537.550:INFO:CONSOLE(22)] "Here I am !!!", source: https://cn1app/streams/1 (22)
[0510/021916.526:INFO:CONSOLE(99)] "You must enable Billing on the Google Cloud Project at https://console.cloud.google.com/project/_/billing/enable Learn more at https://developers.google.com/maps/gmp-get-started", source: https://maps.googleapis.com/maps/api/js?key=AIzaSyCy-fMWerzvXcPCV0FDI07hW2DAzs_mnpY&callback=initMap (99)
[0510/022032.269:INFO:CONSOLE(99)] "You must enable Billing on the Google Cloud Project at https://console.cloud.google.com/project/_/billing/enable Learn more at https://developers.google.com/maps/gmp-get-started", source: https://maps.googleapis.com/maps/api/js?key=AIzaSyCy-fMWerzvXcPCV0FDI07hW2DAzs_mnpY&callback=initMap (99)
[0510/022116.644:INFO:CONSOLE(99)] "You must enable Billing on the Google Cloud Project at https://console.cloud.google.com/project/_/billing/enable Learn more at https://developers.google.com/maps/gmp-get-started", source: https://maps.googleapis.com/maps/api/js?key=AIzaSyCy-fMWerzvXcPCV0FDI07hW2DAzs_mnpY&callback=initMap (99)
[0510/022124.932:INFO:CONSOLE(22)] "Here I am !!!", source: https://cn1app/streams/1 (22)
[0510/022245.415:INFO:CONSOLE(99)] "You must enable Billing on the Google Cloud Project at https://console.cloud.google.com/project/_/billing/enable Learn more at https://developers.google.com/maps/gmp-get-started", source: https://maps.googleapis.com/maps/api/js?key=AIzaSyCy-fMWerzvXcPCV0FDI07hW2DAzs_mnpY&callback=initMap (99)
[0510/022245.910:WARNING:spdy_session.cc(3365)] Received HEADERS for invalid stream 5
[0510/022427.499:INFO:CONSOLE(99)] "You must enable Billing on the Google Cloud Project at https://console.cloud.google.com/project/_/billing/enable Learn more at https://developers.google.com/maps/gmp-get-started", source: https://maps.googleapis.com/maps/api/js?key=AIzaSyCy-fMWerzvXcPCV0FDI07hW2DAzs_mnpY&callback=initMap (99)
[0510/022427.989:WARNING:spdy_session.cc(3365)] Received HEADERS for invalid stream 5
[0510/022435.889:INFO:CONSOLE(22)] "Here I am !!!", source: https://cn1app/streams/1 (22)
[0510/022601.295:INFO:CONSOLE(99)] "You must enable Billing on the Google Cloud Project at https://console.cloud.google.com/project/_/billing/enable Learn more at https://developers.google.com/maps/gmp-get-started", source: https://maps.googleapis.com/maps/api/js?key=AIzaSyCy-fMWerzvXcPCV0FDI07hW2DAzs_mnpY&callback=initMap (99)
[0510/022601.768:WARNING:spdy_session.cc(3365)] Received HEADERS for invalid stream 5
[0510/022609.860:INFO:CONSOLE(22)] "Here I am !!!", source: https://cn1app/streams/1 (22)
[0510/022616.600:INFO:CONSOLE(99)] "You must enable Billing on the Google Cloud Project at https://console.cloud.google.com/project/_/billing/enable Learn more at https://developers.google.com/maps/gmp-get-started", source: https://maps.googleapis.com/maps/api/js?key=AIzaSyCy-fMWerzvXcPCV0FDI07hW2DAzs_mnpY&callback=initMap (99)
[0510/022617.046:WARNING:spdy_session.cc(3365)] Received HEADERS for invalid stream 7
[0510/022626.002:INFO:CONSOLE(22)] "Here I am !!!", source: https://cn1app/streams/2 (22)
[0510/022704.270:INFO:CONSOLE(99)] "You must enable Billing on the Google Cloud Project at https://console.cloud.google.com/project/_/billing/enable Learn more at https://developers.google.com/maps/gmp-get-started", source: https://maps.googleapis.com/maps/api/js?key=AIzaSyCy-fMWerzvXcPCV0FDI07hW2DAzs_mnpY&callback=initMap (99)
[0510/022704.770:WARNING:spdy_session.cc(3365)] Received HEADERS for invalid stream 5
[0510/022751.809:INFO:CONSOLE(99)] "You must enable Billing on the Google Cloud Project at https://console.cloud.google.com/project/_/billing/enable Learn more at https://developers.google.com/maps/gmp-get-started", source: https://maps.googleapis.com/maps/api/js?key=AIzaSyCy-fMWerzvXcPCV0FDI07hW2DAzs_mnpY&callback=initMap (99)
[0510/022752.292:WARNING:spdy_session.cc(3365)] Received HEADERS for invalid stream 5
[0510/022800.304:INFO:CONSOLE(22)] "Here I am !!!", source: https://cn1app/streams/1 (22)
[0510/022942.441:INFO:CONSOLE(99)] "You must enable Billing on the Google Cloud Project at https://console.cloud.google.com/project/_/billing/enable Learn more at https://developers.google.com/maps/gmp-get-started", source: https://maps.googleapis.com/maps/api/js?key=AIzaSyCy-fMWerzvXcPCV0FDI07hW2DAzs_mnpY&callback=initMap (99)
[0510/022942.943:WARNING:spdy_session.cc(3365)] Received HEADERS for invalid stream 5
[0510/022950.939:INFO:CONSOLE(22)] "Here I am !!!", source: https://cn1app/streams/1 (22)
[0510/092958.056:INFO:CONSOLE(99)] "You must enable Billing on the Google Cloud Project at https://console.cloud.google.com/project/_/billing/enable Learn more at https://developers.google.com/maps/gmp-get-started", source: https://maps.googleapis.com/maps/api/js?key=AIzaSyCy-fMWerzvXcPCV0FDI07hW2DAzs_mnpY&callback=initMap (99)
[0510/093005.732:INFO:CONSOLE(22)] "Here I am !!!", source: https://cn1app/streams/1 (22)
[0510/093116.850:INFO:CONSOLE(99)] "You must enable Billing on the Google Cloud Project at https://console.cloud.google.com/project/_/billing/enable Learn more at https://developers.google.com/maps/gmp-get-started", source: https://maps.googleapis.com/maps/api/js?key=AIzaSyCy-fMWerzvXcPCV0FDI07hW2DAzs_mnpY&callback=initMap (99)
[0510/093556.091:INFO:CONSOLE(303)] "Google Maps JavaScript API has been loaded directly without a callback. This is not supported and can lead to race conditions and suboptimal performance. For supported loading patterns please see https://goo.gle/js-api-loading", source: https://maps.googleapis.com/maps/api/js?key=AIzaSyDVpdxQ5VonotjFU5u01A1hAwVsf4PElo0&libraries=places (303)
[0510/093556.095:INFO:CONSOLE(11)] "Failed to find a valid digest in the 'integrity' attribute for resource 'https://cdn.jsdelivr.net/npm/bootstrap@5.0.0/dist/css/bootstrap.min.css' with computed SHA-256 integrity 'BAg/zs3Z4ZsqzR4Ac0N6oHyY0jDwGY1/H9RwqyIP72Q='. The resource has been blocked.", source: http://127.0.0.1:8000/home (11)
[0510/093556.104:INFO:CONSOLE(74)] "Uncaught ReferenceError: map is not defined", source: http://127.0.0.1:8000/home (74)
[0510/093556.245:INFO:CONSOLE(93)] "Uncaught (in promise) TypeError: Cannot read property 'ownerDocument' of null", source: https://maps.googleapis.com/maps-api-v3/api/js/53/2/places_impl.js (93)
[0510/101434.901:INFO:CONSOLE(99)] "You must enable Billing on the Google Cloud Project at https://console.cloud.google.com/project/_/billing/enable Learn more at https://developers.google.com/maps/gmp-get-started", source: https://maps.googleapis.com/maps/api/js?key=AIzaSyCy-fMWerzvXcPCV0FDI07hW2DAzs_mnpY&callback=initMap (99)
[0510/101435.468:WARNING:spdy_session.cc(3365)] Received HEADERS for invalid stream 5
[0510/101443.078:INFO:CONSOLE(22)] "Here I am !!!", source: https://cn1app/streams/1 (22)
[0510/102053.107:INFO:CONSOLE(99)] "You must enable Billing on the Google Cloud Project at https://console.cloud.google.com/project/_/billing/enable Learn more at https://developers.google.com/maps/gmp-get-started", source: https://maps.googleapis.com/maps/api/js?key=AIzaSyCy-fMWerzvXcPCV0FDI07hW2DAzs_mnpY&callback=initMap (99)
[0510/102102.730:INFO:CONSOLE(22)] "Here I am !!!", source: https://cn1app/streams/1 (22)
[0510/102135.974:INFO:CONSOLE(99)] "You must enable Billing on the Google Cloud Project at https://console.cloud.google.com/project/_/billing/enable Learn more at https://developers.google.com/maps/gmp-get-started", source: https://maps.googleapis.com/maps/api/js?key=AIzaSyCy-fMWerzvXcPCV0FDI07hW2DAzs_mnpY&callback=initMap (99)
[0510/102145.412:INFO:CONSOLE(22)] "Here I am !!!", source: https://cn1app/streams/2 (22)
[0511/095445.828:INFO:CONSOLE(99)] "You must enable Billing on the Google Cloud Project at https://console.cloud.google.com/project/_/billing/enable Learn more at https://developers.google.com/maps/gmp-get-started", source: https://maps.googleapis.com/maps/api/js?key=AIzaSyCy-fMWerzvXcPCV0FDI07hW2DAzs_mnpY&callback=initMap (99)
[0511/095446.391:WARNING:spdy_session.cc(3365)] Received HEADERS for invalid stream 5
[0511/095454.357:INFO:CONSOLE(22)] "Here I am !!!", source: https://cn1app/streams/1 (22)
[0830/172106.139:INFO:CONSOLE(129)] "You must enable Billing on the Google Cloud Project at https://console.cloud.google.com/project/_/billing/enable Learn more at https://developers.google.com/maps/gmp-get-started", source: https://maps.googleapis.com/maps/api/js?key=AIzaSyCy-fMWerzvXcPCV0FDI07hW2DAzs_mnpY&callback=initMap (129)
[0830/172111.229:INFO:CONSOLE(22)] "Here I am !!!", source: https://cn1app/streams/1 (22)
[0830/172130.847:WARNING:spdy_session.cc(3365)] Received HEADERS for invalid stream 9
[0830/172130.863:WARNING:spdy_session.cc(3365)] Received HEADERS for invalid stream 1
[0830/172130.918:WARNING:spdy_session.cc(3365)] Received HEADERS for invalid stream 21
[0830/172130.930:WARNING:spdy_session.cc(3365)] Received HEADERS for invalid stream 7
[0830/172130.931:WARNING:spdy_session.cc(3365)] Received HEADERS for invalid stream 19
[0830/172130.931:WARNING:spdy_session.cc(3365)] Received HEADERS for invalid stream 13
[0830/172130.931:WARNING:spdy_session.cc(3365)] Received HEADERS for invalid stream 5
[0830/172130.949:WARNING:spdy_session.cc(3365)] Received HEADERS for invalid stream 17
[0830/172203.871:INFO:CONSOLE(129)] "You must enable Billing on the Google Cloud Project at https://console.cloud.google.com/project/_/billing/enable Learn more at https://developers.google.com/maps/gmp-get-started", source: https://maps.googleapis.com/maps/api/js?key=AIzaSyCy-fMWerzvXcPCV0FDI07hW2DAzs_mnpY&callback=initMap (129)
[0830/172212.692:INFO:CONSOLE(22)] "Here I am !!!", source: https://cn1app/streams/2 (22)
[0830/172214.564:INFO:CONSOLE(129)] "You must enable Billing on the Google Cloud Project at https://console.cloud.google.com/project/_/billing/enable Learn more at https://developers.google.com/maps/gmp-get-started", source: https://maps.googleapis.com/maps/api/js?key=AIzaSyCy-fMWerzvXcPCV0FDI07hW2DAzs_mnpY&callback=initMap (129)
[0830/172223.812:INFO:CONSOLE(22)] "Here I am !!!", source: https://cn1app/streams/3 (22)
[0831/191733.759:INFO:CONSOLE(129)] "You must enable Billing on the Google Cloud Project at https://console.cloud.google.com/project/_/billing/enable Learn more at https://developers.google.com/maps/gmp-get-started", source: https://maps.googleapis.com/maps/api/js?key=AIzaSyCy-fMWerzvXcPCV0FDI07hW2DAzs_mnpY&callback=initMap (129)
[0831/191737.176:INFO:CONSOLE(22)] "Here I am !!!", source: https://cn1app/streams/1 (22)
[0831/193145.877:WARNING:dns_config_service_win.cc(700)] Failed to read DnsConfig.
[0831/193145.880:WARNING:dns_config_service_win.cc(700)] Failed to read DnsConfig.
[0831/193217.480:WARNING:dns_config_service_win.cc(700)] Failed to read DnsConfig.
[0831/193217.483:WARNING:dns_config_service_win.cc(700)] Failed to read DnsConfig.
[0831/193342.640:WARNING:dns_config_service_win.cc(700)] Failed to read DnsConfig.
[0831/193342.645:WARNING:dns_config_service_win.cc(700)] Failed to read DnsConfig.
[0831/193754.394:WARNING:dns_config_service_win.cc(700)] Failed to read DnsConfig.
[0831/193754.398:WARNING:dns_config_service_win.cc(700)] Failed to read DnsConfig.
[0905/034723.865:WARNING:dns_config_service_win.cc(700)] Failed to read DnsConfig.
[0905/034725.485:WARNING:dns_config_service_win.cc(700)] Failed to read DnsConfig.
[0905/034728.890:WARNING:dns_config_service_win.cc(700)] Failed to read DnsConfig.
[0905/034730.512:WARNING:dns_config_service_win.cc(700)] Failed to read DnsConfig.
[0905/034733.905:WARNING:dns_config_service_win.cc(700)] Failed to read DnsConfig.
[0905/034735.533:WARNING:dns_config_service_win.cc(700)] Failed to read DnsConfig.
[0905/034736.218:INFO:CONSOLE(22)] "Here I am !!!", source: https://cn1app/streams/1 (22)
[0905/034738.932:WARNING:dns_config_service_win.cc(700)] Failed to read DnsConfig.
[0905/034740.556:WARNING:dns_config_service_win.cc(700)] Failed to read DnsConfig.
[0905/034743.948:WARNING:dns_config_service_win.cc(700)] Failed to read DnsConfig.
[0905/034745.567:WARNING:dns_config_service_win.cc(700)] Failed to read DnsConfig.
[0905/034748.966:WARNING:dns_config_service_win.cc(700)] Failed to read DnsConfig.
[0905/034750.595:WARNING:dns_config_service_win.cc(700)] Failed to read DnsConfig.
[0905/034753.993:WARNING:dns_config_service_win.cc(700)] Failed to read DnsConfig.
[0905/034755.611:WARNING:dns_config_service_win.cc(700)] Failed to read DnsConfig.
[0905/034757.019:WARNING:dns_config_service_win.cc(700)] Failed to read DnsConfig.
[0905/034758.999:WARNING:dns_config_service_win.cc(700)] Failed to read DnsConfig.
[0905/034800.650:WARNING:dns_config_service_win.cc(700)] Failed to read DnsConfig.
[0905/034802.039:WARNING:dns_config_service_win.cc(700)] Failed to read DnsConfig.
[0905/034804.018:WARNING:dns_config_service_win.cc(700)] Failed to read DnsConfig.
[0905/034805.662:WARNING:dns_config_service_win.cc(700)] Failed to read DnsConfig.
[0905/034807.058:WARNING:dns_config_service_win.cc(700)] Failed to read DnsConfig.
[0905/034809.042:WARNING:dns_config_service_win.cc(700)] Failed to read DnsConfig.
[0905/034810.682:WARNING:dns_config_service_win.cc(700)] Failed to read DnsConfig.
[0905/034812.076:WARNING:dns_config_service_win.cc(700)] Failed to read DnsConfig.
[0905/034814.064:WARNING:dns_config_service_win.cc(700)] Failed to read DnsConfig.
[0905/034815.701:WARNING:dns_config_service_win.cc(700)] Failed to read DnsConfig.
[0905/034817.085:WARNING:dns_config_service_win.cc(700)] Failed to read DnsConfig.
[0905/034819.078:WARNING:dns_config_service_win.cc(700)] Failed to read DnsConfig.
[0905/034820.714:WARNING:dns_config_service_win.cc(700)] Failed to read DnsConfig.
[0905/034822.102:WARNING:dns_config_service_win.cc(700)] Failed to read DnsConfig.
[0905/034824.091:WARNING:dns_config_service_win.cc(700)] Failed to read DnsConfig.
[0905/034825.748:WARNING:dns_config_service_win.cc(700)] Failed to read DnsConfig.
[0905/034827.120:WARNING:dns_config_service_win.cc(700)] Failed to read DnsConfig.
[0905/034829.115:WARNING:dns_config_service_win.cc(700)] Failed to read DnsConfig.
[0905/034830.777:WARNING:dns_config_service_win.cc(700)] Failed to read DnsConfig.
[0905/034832.140:WARNING:dns_config_service_win.cc(700)] Failed to read DnsConfig.
[0905/034834.129:WARNING:dns_config_service_win.cc(700)] Failed to read DnsConfig.
[0905/034835.803:WARNING:dns_config_service_win.cc(700)] Failed to read DnsConfig.
[0905/034837.165:WARNING:dns_config_service_win.cc(700)] Failed to read DnsConfig.
[0905/034839.145:WARNING:dns_config_service_win.cc(700)] Failed to read DnsConfig.
[0905/034840.811:WARNING:dns_config_service_win.cc(700)] Failed to read DnsConfig.
[0905/034842.169:WARNING:dns_config_service_win.cc(700)] Failed to read DnsConfig.
[0905/034844.163:WARNING:dns_config_service_win.cc(700)] Failed to read DnsConfig.
[0905/034845.836:WARNING:dns_config_service_win.cc(700)] Failed to read DnsConfig.
[0905/034847.198:WARNING:dns_config_service_win.cc(700)] Failed to read DnsConfig.
[0905/034849.182:WARNING:dns_config_service_win.cc(700)] Failed to read DnsConfig.
[0905/034850.852:WARNING:dns_config_service_win.cc(700)] Failed to read DnsConfig.
[0905/034852.219:WARNING:dns_config_service_win.cc(700)] Failed to read DnsConfig.
[0905/034854.200:WARNING:dns_config_service_win.cc(700)] Failed to read DnsConfig.
[0905/034855.878:WARNING:dns_config_service_win.cc(700)] Failed to read DnsConfig.
[0905/034857.236:WARNING:dns_config_service_win.cc(700)] Failed to read DnsConfig.
[0905/204246.025:INFO:CONSOLE(129)] "You must enable Billing on the Google Cloud Project at https://console.cloud.google.com/project/_/billing/enable Learn more at https://developers.google.com/maps/gmp-get-started", source: https://maps.googleapis.com/maps/api/js?key=AIzaSyCy-fMWerzvXcPCV0FDI07hW2DAzs_mnpY&callback=initMap (129)
[0905/210640.534:INFO:CONSOLE(129)] "You must enable Billing on the Google Cloud Project at https://console.cloud.google.com/project/_/billing/enable Learn more at https://developers.google.com/maps/gmp-get-started", source: https://maps.googleapis.com/maps/api/js?key=AIzaSyCy-fMWerzvXcPCV0FDI07hW2DAzs_mnpY&callback=initMap (129)
[0905/210647.586:INFO:CONSOLE(22)] "Here I am !!!", source: https://cn1app/streams/1 (22)
[0905/211110.382:INFO:CONSOLE(234)] "Google Maps JavaScript API has been loaded directly without a callback. This is not supported and can lead to race conditions and suboptimal performance. For supported loading patterns please see https://goo.gle/js-api-loading", source: https://maps.googleapis.com/maps/api/js?key=AIzaSyDVpdxQ5VonotjFU5u01A1hAwVsf4PElo0&libraries=places (234)
[0905/211110.553:INFO:CONSOLE(0)] "Failed to find a valid digest in the 'integrity' attribute for resource 'https://cdn.jsdelivr.net/npm/bootstrap@5.0.0/dist/css/bootstrap.min.css' with computed SHA-256 integrity 'BAg/zs3Z4ZsqzR4Ac0N6oHyY0jDwGY1/H9RwqyIP72Q='. The resource has been blocked.", source: http://127.0.0.1:8000/home (0)
[0905/211110.575:INFO:CONSOLE(73)] "Uncaught ReferenceError: map is not defined", source: http://127.0.0.1:8000/home (73)
[0905/211110.750:INFO:CONSOLE(81)] "Uncaught (in promise) TypeError: Cannot read property 'ownerDocument' of null", source: https://maps.googleapis.com/maps-api-v3/api/js/54/3/places_impl.js (81)
[0905/211120.506:INFO:CONSOLE(234)] "Google Maps JavaScript API has been loaded directly without a callback. This is not supported and can lead to race conditions and suboptimal performance. For supported loading patterns please see https://goo.gle/js-api-loading", source: https://maps.googleapis.com/maps/api/js?key=AIzaSyDVpdxQ5VonotjFU5u01A1hAwVsf4PElo0&libraries=places (234)
[0905/211120.524:INFO:CONSOLE(11)] "Failed to find a valid digest in the 'integrity' attribute for resource 'https://cdn.jsdelivr.net/npm/bootstrap@5.0.0/dist/css/bootstrap.min.css' with computed SHA-256 integrity 'BAg/zs3Z4ZsqzR4Ac0N6oHyY0jDwGY1/H9RwqyIP72Q='. The resource has been blocked.", source: http://127.0.0.1:8000/reserver (11)
